e:\file\language\c++\250509mfcyc\mksc\x64\release\mksc.pch
e:\file\language\c++\250509mfcyc\mksc\x64\release\vc143.pdb
e:\file\language\c++\250509mfcyc\mksc\x64\release\pch.obj
e:\file\language\c++\250509mfcyc\mksc\x64\release\mkscdlg.obj
e:\file\language\c++\250509mfcyc\mksc\x64\release\mksc.obj
e:\file\language\c++\250509mfcyc\x64\release\mksc.exe
e:\file\language\c++\250509mfcyc\x64\release\mksc.pdb
e:\file\language\c++\250509mfcyc\mksc\x64\release\mksc.res
e:\file\language\c++\250509mfcyc\mksc\x64\release\mksc.ipdb
e:\file\language\c++\250509mfcyc\mksc\x64\release\mksc.iobj
e:\file\language\c++\250509mfcyc\mksc\x64\release\mksc.tlog\cl.command.1.tlog
e:\file\language\c++\250509mfcyc\mksc\x64\release\mksc.tlog\cl.items.tlog
e:\file\language\c++\250509mfcyc\mksc\x64\release\mksc.tlog\cl.read.1.tlog
e:\file\language\c++\250509mfcyc\mksc\x64\release\mksc.tlog\cl.write.1.tlog
e:\file\language\c++\250509mfcyc\mksc\x64\release\mksc.tlog\link.command.1.tlog
e:\file\language\c++\250509mfcyc\mksc\x64\release\mksc.tlog\link.read.1.tlog
e:\file\language\c++\250509mfcyc\mksc\x64\release\mksc.tlog\link.secondary.1.tlog
e:\file\language\c++\250509mfcyc\mksc\x64\release\mksc.tlog\link.write.1.tlog
e:\file\language\c++\250509mfcyc\mksc\x64\release\mksc.tlog\rc.command.1.tlog
e:\file\language\c++\250509mfcyc\mksc\x64\release\mksc.tlog\rc.read.1.tlog
e:\file\language\c++\250509mfcyc\mksc\x64\release\mksc.tlog\rc.write.1.tlog
